The system is: Linux - 5.15.90.1-microsoft-standard-WSL2 - x86_64
Compiling the C compiler identification source file "CMakeCCompilerId.c" succeeded.
Compiler: /usr/bin/cc 
Build flags: 
Id flags:  

The output was:
0


Compilation of the C compiler identification source "CMakeCCompilerId.c" produced "a.out"

The C compiler identification is GNU, found in "/workspaces/learning_docker/02_automated_builds/src/build/CMakeFiles/3.18.4/CompilerIdC/a.out"

Compiling the CXX compiler identification source file "CMakeCXXCompilerId.cpp" succeeded.
Compiler: /usr/bin/c++ 
Build flags: 
Id flags:  

The output was:
0


Compilation of the CXX compiler identification source "CMakeCXXCompilerId.cpp" produced "a.out"

The CXX compiler identification is GNU, found in "/workspaces/learning_docker/02_automated_builds/src/build/CMakeFiles/3.18.4/CompilerIdCXX/a.out"

Determining if the C compiler works passed with the following output:
Change Dir: /workspaces/learning_docker/02_automated_builds/src/build/CMakeFiles/CMakeTmp

Run Build Command(s):/usr/bin/gmake cmTC_a712f/fast && /usr/bin/gmake  -f CMakeFiles/cmTC_a712f.dir/build.make CMakeFiles/cmTC_a712f.dir/build
gmake[1]: Entering directory '/workspaces/learning_docker/02_automated_builds/src/build/CMakeFiles/CMakeTmp'
Building C object CMakeFiles/cmTC_a712f.dir/testCCompiler.c.o
/usr/bin/cc    -o CMakeFiles/cmTC_a712f.dir/testCCompiler.c.o -c /workspaces/learning_docker/02_automated_builds/src/build/CMakeFiles/CMakeTmp/testCCompiler.c
Linking C executable cmTC_a712f
/usr/bin/cmake -E cmake_link_script CMakeFiles/cmTC_a712f.dir/link.txt --verbose=1
/usr/bin/cc -rdynamic CMakeFiles/cmTC_a712f.dir/testCCompiler.c.o -o cmTC_a712f 
gmake[1]: Leaving directory '/workspaces/learning_docker/02_automated_builds/src/build/CMakeFiles/CMakeTmp'



Determining if the CXX compiler works passed with the following output:
Change Dir: /workspaces/learning_docker/02_automated_builds/src/build/CMakeFiles/CMakeTmp

Run Build Command(s):/usr/bin/gmake cmTC_03036/fast && /usr/bin/gmake  -f CMakeFiles/cmTC_03036.dir/build.make CMakeFiles/cmTC_03036.dir/build
gmake[1]: Entering directory '/workspaces/learning_docker/02_automated_builds/src/build/CMakeFiles/CMakeTmp'
Building CXX object CMakeFiles/cmTC_03036.dir/testCXXCompiler.cxx.o
/usr/bin/c++    -o CMakeFiles/cmTC_03036.dir/testCXXCompiler.cxx.o -c /workspaces/learning_docker/02_automated_builds/src/build/CMakeFiles/CMakeTmp/testCXXCompiler.cxx
Linking CXX executable cmTC_03036
/usr/bin/cmake -E cmake_link_script CMakeFiles/cmTC_03036.dir/link.txt --verbose=1
/usr/bin/c++ -rdynamic CMakeFiles/cmTC_03036.dir/testCXXCompiler.cxx.o -o cmTC_03036 
gmake[1]: Leaving directory '/workspaces/learning_docker/02_automated_builds/src/build/CMakeFiles/CMakeTmp'



